<?xml version="1.0" encoding="UTF-8"?>
<!-- Generated by org.testng.reporters.JUnitXMLReporter -->
<testsuite ignored="1" hostname="khichu" failures="0" tests="1" name="SuaceDemoTest" time="5.718" errors="0" timestamp="2024-05-23T13:23:32 IST">
  <testcase classname="com.automation.test.CartTest" name="verifyCartPage" time="1.366"/>
  <testcase classname="com.automation.test.LoginTest" name="verifyLoginSuccessful" time="0.0">
    <ignored/>
  </testcase> <!-- verifyLoginSuccessful -->
</testsuite> <!-- SuaceDemoTest -->
