<?xml version="1.0" encoding="UTF-8"?>
<testng-results ignored="0" total="1" passed="1" failed="0" skipped="0">
  <reporter-output>
  </reporter-output>
  <suite started-at="2024-05-23T13:23:26 IST" name="Automation" finished-at="2024-05-23T13:23:32 IST" duration-ms="5718">
    <groups>
    </groups>
    <test started-at="2024-05-23T13:23:26 IST" name="SuaceDemoTest" finished-at="2024-05-23T13:23:32 IST" duration-ms="5718">
      <class name="com.automation.test.CartTest">
        <test-method is-config="true" signature="setUp()[pri:0, instance:com.automation.test.CartTest@7ea37dbf]" started-at="2024-05-23T13:23:26 IST" name="setUp" finished-at="2024-05-23T13:23:30 IST" duration-ms="3957" status="PASS">
          <reporter-output>
          </reporter-output>
        </test-method> <!-- setUp -->
        <test-method signature="verifyCartPage()[pri:0, instance:com.automation.test.CartTest@7ea37dbf]" started-at="2024-05-23T13:23:30 IST" name="verifyCartPage" finished-at="2024-05-23T13:23:31 IST" duration-ms="1366" status="PASS">
          <reporter-output>
          </reporter-output>
        </test-method> <!-- verifyCartPage -->
        <test-method is-config="true" signature="cleanUp()[pri:0, instance:com.automation.test.CartTest@7ea37dbf]" started-at="2024-05-23T13:23:31 IST" name="cleanUp" finished-at="2024-05-23T13:23:32 IST" duration-ms="302" status="PASS">
          <reporter-output>
          </reporter-output>
        </test-method> <!-- cleanUp -->
      </class> <!-- com.automation.test.CartTest -->
    </test> <!-- SuaceDemoTest -->
  </suite> <!-- Automation -->
</testng-results>
